2022-03-07 12:28:40 [main]INFO  c.c.Demo.SpringBootSqlApplication - Starting SpringBootSqlApplication using Java 17.0.1 on LIN80033739 with PID 25400 (C:\Users\dthotamc\eclipse-workspace\SpringBootSQL\target\classes started by dthotamc in C:\Users\dthotamc\eclipse-workspace\SpringBootSQL)
2022-03-07 12:28:40 [main]INFO  c.c.Demo.SpringBootSqlApplication - No active profile set, falling back to 1 default profile: "default"
2022-03-07 12:28:42 [main]INFO  o.s.d.r.c.RepositoryConfigurationDelegate - Bootstrapping Spring Data JPA repositories in DEFAULT mode.
2022-03-07 12:28:42 [main]INFO  o.s.d.r.c.RepositoryConfigurationDelegate - Finished Spring Data repository scanning in 140 ms. Found 1 JPA repository interfaces.
2022-03-07 12:28:44 [main]INFO  o.s.b.w.e.tomcat.TomcatWebServer - Tomcat initialized with port(s): 8080 (http)
2022-03-07 12:28:44 [main]INFO  o.a.catalina.core.StandardService - Starting service [Tomcat]
2022-03-07 12:28:44 [main]INFO  o.a.catalina.core.StandardEngine - Starting Servlet engine: [Apache Tomcat/9.0.58]
2022-03-07 12:28:44 [main]INFO  o.a.c.c.C.[Tomcat].[localhost].[/] - Initializing Spring embedded WebApplicationContext
2022-03-07 12:28:44 [main]INFO  o.s.b.w.s.c.ServletWebServerApplicationContext - Root WebApplicationContext: initialization completed in 3854 ms
2022-03-07 12:28:45 [main]INFO  o.h.jpa.internal.util.LogHelper - HHH000204: Processing PersistenceUnitInfo [name: default]
2022-03-07 12:28:45 [main]INFO  org.hibernate.Version - HHH000412: Hibernate ORM core version 5.6.5.Final
2022-03-07 12:28:45 [main]INFO  o.h.annotations.common.Version - HCANN000001: Hibernate Commons Annotations {5.1.2.Final}
2022-03-07 12:28:45 [main]INFO  com.zaxxer.hikari.HikariDataSource - HikariPool-1 - Starting...
2022-03-07 12:28:46 [main]INFO  com.zaxxer.hikari.HikariDataSource - HikariPool-1 - Start completed.
2022-03-07 12:28:46 [main]INFO  org.hibernate.dialect.Dialect - HHH000400: Using dialect: org.hibernate.dialect.MySQL5InnoDBDialect
2022-03-07 12:28:47 [main]INFO  o.h.e.t.j.p.i.JtaPlatformInitiator - HHH000490: Using JtaPlatform implementation: [org.hibernate.engine.transaction.jta.platform.internal.NoJtaPlatform]
2022-03-07 12:28:47 [main]INFO  o.s.o.j.LocalContainerEntityManagerFactoryBean - Initialized JPA EntityManagerFactory for persistence unit 'default'
2022-03-07 12:28:48 [main]WARN  o.s.b.a.o.j.JpaBaseConfiguration$JpaWebConfiguration - spring.jpa.open-in-view is enabled by default. Therefore, database queries may be performed during view rendering. Explicitly configure spring.jpa.open-in-view to disable this warning
2022-03-07 12:28:50 [main]INFO  o.s.b.w.e.tomcat.TomcatWebServer - Tomcat started on port(s): 8080 (http) with context path ''
2022-03-07 12:28:50 [main]INFO  c.c.Demo.SpringBootSqlApplication - Started SpringBootSqlApplication in 10.726 seconds (JVM running for 11.996)
2022-03-07 12:31:29 [http-nio-8080-exec-4]INFO  o.a.c.c.C.[Tomcat].[localhost].[/] - Initializing Spring DispatcherServlet 'dispatcherServlet'
2022-03-07 12:31:29 [http-nio-8080-exec-4]INFO  o.s.web.servlet.DispatcherServlet - Initializing Servlet 'dispatcherServlet'
2022-03-07 12:31:29 [http-nio-8080-exec-4]INFO  o.s.web.servlet.DispatcherServlet - Completed initialization in 3 ms
2022-03-07 20:42:43 [main]INFO  c.c.Demo.SpringBootSqlApplication - Starting SpringBootSqlApplication using Java 17.0.1 on LIN80033739 with PID 12700 (C:\Users\dthotamc\OneDrive - Capgemini\Desktop\Assignments\SpringBootSQL\target\classes started by dthotamc in C:\Users\dthotamc\OneDrive - Capgemini\Desktop\Assignments\SpringBootSQL)
2022-03-07 20:42:43 [main]INFO  c.c.Demo.SpringBootSqlApplication - No active profile set, falling back to 1 default profile: "default"
2022-03-07 20:42:44 [main]INFO  o.s.d.r.c.RepositoryConfigurationDelegate - Bootstrapping Spring Data JPA repositories in DEFAULT mode.
2022-03-07 20:42:44 [main]INFO  o.s.d.r.c.RepositoryConfigurationDelegate - Finished Spring Data repository scanning in 95 ms. Found 1 JPA repository interfaces.
2022-03-07 20:42:45 [main]INFO  o.s.b.w.e.tomcat.TomcatWebServer - Tomcat initialized with port(s): 8080 (http)
2022-03-07 20:42:45 [main]INFO  o.a.catalina.core.StandardService - Starting service [Tomcat]
2022-03-07 20:42:45 [main]INFO  o.a.catalina.core.StandardEngine - Starting Servlet engine: [Apache Tomcat/9.0.58]
2022-03-07 20:42:45 [main]INFO  o.a.c.c.C.[Tomcat].[localhost].[/] - Initializing Spring embedded WebApplicationContext
2022-03-07 20:42:45 [main]INFO  o.s.b.w.s.c.ServletWebServerApplicationContext - Root WebApplicationContext: initialization completed in 2831 ms
2022-03-07 20:42:46 [main]INFO  o.h.jpa.internal.util.LogHelper - HHH000204: Processing PersistenceUnitInfo [name: default]
2022-03-07 20:42:46 [main]INFO  org.hibernate.Version - HHH000412: Hibernate ORM core version 5.6.5.Final
2022-03-07 20:42:46 [main]INFO  o.h.annotations.common.Version - HCANN000001: Hibernate Commons Annotations {5.1.2.Final}
2022-03-07 20:42:46 [main]INFO  com.zaxxer.hikari.HikariDataSource - HikariPool-1 - Starting...
2022-03-07 20:42:47 [main]INFO  com.zaxxer.hikari.HikariDataSource - HikariPool-1 - Start completed.
2022-03-07 20:42:47 [main]INFO  org.hibernate.dialect.Dialect - HHH000400: Using dialect: org.hibernate.dialect.MySQL5InnoDBDialect
2022-03-07 20:42:48 [main]INFO  o.h.e.t.j.p.i.JtaPlatformInitiator - HHH000490: Using JtaPlatform implementation: [org.hibernate.engine.transaction.jta.platform.internal.NoJtaPlatform]
2022-03-07 20:42:48 [main]INFO  o.s.o.j.LocalContainerEntityManagerFactoryBean - Initialized JPA EntityManagerFactory for persistence unit 'default'
2022-03-07 20:42:49 [main]WARN  o.s.b.a.o.j.JpaBaseConfiguration$JpaWebConfiguration - spring.jpa.open-in-view is enabled by default. Therefore, database queries may be performed during view rendering. Explicitly configure spring.jpa.open-in-view to disable this warning
2022-03-07 20:42:50 [main]INFO  o.s.b.w.e.tomcat.TomcatWebServer - Tomcat started on port(s): 8080 (http) with context path ''
2022-03-07 20:42:50 [main]INFO  c.c.Demo.SpringBootSqlApplication - Started SpringBootSqlApplication in 8.473 seconds (JVM running for 9.715)
2022-03-07 20:44:26 [http-nio-8080-exec-2]INFO  o.a.c.c.C.[Tomcat].[localhost].[/] - Initializing Spring DispatcherServlet 'dispatcherServlet'
2022-03-07 20:44:26 [http-nio-8080-exec-2]INFO  o.s.web.servlet.DispatcherServlet - Initializing Servlet 'dispatcherServlet'
2022-03-07 20:44:26 [http-nio-8080-exec-2]INFO  o.s.web.servlet.DispatcherServlet - Completed initialization in 2 ms
